<?xml version="1.0" encoding="UTF-8"?>
<!-- Generated by org.testng.reporters.JUnitXMLReporter -->
<testsuite hostname="ATMECSINDT-076" name="SearchedProduct" tests="1" failures="1" timestamp="23 Aug 2019 09:48:55 GMT" time="211.331" errors="0">
  <testcase name="searchProduct" time="131.777" classname="com.onlineretail.qa.testscripts.AutomateSearchedProduct">
    <failure type="java.lang.AssertionError" message="passed expected [LACK CROSS BACK MAXI DRESS] but found [BLACK CROSS BACK MAXI DRESS]">
      <![CDATA[java.lang.AssertionError: passed expected [LACK CROSS BACK MAXI DRESS] but found [BLACK CROSS BACK MAXI DRESS]
	at com.onlineretail.qa.utils.CommonUtilityMethods.verifyAssertTitle(CommonUtilityMethods.java:34)
	at com.onlineretail.qa.pages.SelectedProduct.verifyTitle(SelectedProduct.java:34)
	at com.onlineretail.qa.pages.SearchedProduct.searchItem(SearchedProduct.java:24)
	at com.onlineretail.qa.testscripts.AutomateSearchedProduct.searchProduct(AutomateSearchedProduct.java:33)
... Removed 29 stack frames]]>
    </failure>
  </testcase> <!-- searchProduct -->
</testsuite> <!-- SearchedProduct -->
