<?xml version="1.0" encoding="UTF-8"?>
<!-- Generated by org.testng.reporters.JUnitReportReporter -->
<testsuite hostname="ATMECSINDT-076" name="com.onlineretail.qa.testscripts.AutomateSearchedProduct" tests="1" failures="1" timestamp="21 Aug 2019 13:17:44 GMT" time="89.224" errors="0">
  <testcase name="searchProduct" time="89.224" classname="com.onlineretail.qa.testscripts.AutomateSearchedProduct">
    <failure type="java.lang.AssertionError" message="passed expected [LACK CROSS BACK MAXI DRESS] but found [BLACK CROSS BACK MAXI DRESS]">
      <![CDATA[java.lang.AssertionError: passed expected [LACK CROSS BACK MAXI DRESS] but found [BLACK CROSS BACK MAXI DRESS]
	at org.testng.Assert.fail(Assert.java:94)
	at org.testng.Assert.failNotEquals(Assert.java:513)
	at org.testng.Assert.assertEqualsImpl(Assert.java:135)
	at org.testng.Assert.assertEquals(Assert.java:116)
	at org.testng.Assert.assertEquals(Assert.java:190)
	at com.onlineretail.qa.utils.CommonUtilityMethods.verifyAssertTitle(CommonUtilityMethods.java:34)
	at com.onlineretail.qa.pages.SelectedProduct.verifyTitle(SelectedProduct.java:34)
	at com.onlineretail.qa.pages.SearchedProduct.searchItem(SearchedProduct.java:24)
	at com.onlineretail.qa.testscripts.AutomateSearchedProduct.searchProduct(AutomateSearchedProduct.java:33)
	at sun.reflect.NativeMethodAccessorImpl.invoke0(Native Method)
	at sun.reflect.NativeMethodAccessorImpl.invoke(Unknown Source)
	at sun.reflect.DelegatingMethodAccessorImpl.invoke(Unknown Source)
	at java.lang.reflect.Method.invoke(Unknown Source)
	at org.testng.internal.MethodInvocationHelper.invokeMethod(MethodInvocationHelper.java:86)
	at org.testng.internal.Invoker.invokeMethod(Invoker.java:645)
	at org.testng.internal.Invoker.invokeTestMethod(Invoker.java:822)
	at org.testng.internal.Invoker.invokeTestMethods(Invoker.java:1130)
	at org.testng.internal.TestMethodWorker.invokeTestMethods(TestMethodWorker.java:129)
	at org.testng.internal.TestMethodWorker.run(TestMethodWorker.java:112)
	at org.testng.TestRunner.privateRun(TestRunner.java:782)
	at org.testng.TestRunner.run(TestRunner.java:632)
	at org.testng.SuiteRunner.runTest(SuiteRunner.java:366)
	at org.testng.SuiteRunner.runSequentially(SuiteRunner.java:361)
	at org.testng.SuiteRunner.privateRun(SuiteRunner.java:319)
	at org.testng.SuiteRunner.run(SuiteRunner.java:268)
	at org.testng.SuiteRunnerWorker.runSuite(SuiteRunnerWorker.java:52)
	at org.testng.SuiteRunnerWorker.run(SuiteRunnerWorker.java:86)
	at org.testng.TestNG.runSuitesSequentially(TestNG.java:1244)
	at org.testng.TestNG.runSuitesLocally(TestNG.java:1169)
	at org.testng.TestNG.run(TestNG.java:1064)
	at org.testng.remote.RemoteTestNG.run(RemoteTestNG.java:113)
	at org.testng.remote.RemoteTestNG.initAndRun(RemoteTestNG.java:206)
	at org.testng.remote.RemoteTestNG.main(RemoteTestNG.java:177)
]]>
    </failure>
  </testcase> <!-- searchProduct -->
</testsuite> <!-- com.onlineretail.qa.testscripts.AutomateSearchedProduct -->
